0 info it worked if it ends with ok
1 verbose cli [ 'E:\\project\\nodejs\\program\\node.exe',
1 verbose cli   'E:\\project\\nodejs\\program\\node_modules\\npm\\bin\\npm-cli.js',
1 verbose cli   'start' ]
2 info using npm@2.14.12
3 info using node@v4.3.1
4 verbose run-script [ 'prestart', 'start', 'poststart' ]
5 info prestart redux-todos-todo@0.0.1
6 info start redux-todos-todo@0.0.1
7 verbose unsafe-perm in lifecycle true
8 info redux-todos-todo@0.0.1 Failed to exec start script
9 verbose stack Error: redux-todos-todo@0.0.1 start: `node server.js`
9 verbose stack Exit status 1
9 verbose stack     at EventEmitter.<anonymous> (E:\project\nodejs\program\node_modules\npm\lib\utils\lifecycle.js:214:16)
9 verbose stack     at emitTwo (events.js:87:13)
9 verbose stack     at EventEmitter.emit (events.js:172:7)
9 verbose stack     at ChildProcess.<anonymous> (E:\project\nodejs\program\node_modules\npm\lib\utils\spawn.js:24:14)
9 verbose stack     at emitTwo (events.js:87:13)
9 verbose stack     at ChildProcess.emit (events.js:172:7)
9 verbose stack     at maybeClose (internal/child_process.js:821:16)
9 verbose stack     at Process.ChildProcess._handle.onexit (internal/child_process.js:211:5)
10 verbose pkgid redux-todos-todo@0.0.1
11 verbose cwd E:\project\temp\react_redux_demo
12 error Windows_NT 6.1.7601
13 error argv "E:\\project\\nodejs\\program\\node.exe" "E:\\project\\nodejs\\program\\node_modules\\npm\\bin\\npm-cli.js" "start"
14 error node v4.3.1
15 error npm  v2.14.12
16 error code ELIFECYCLE
17 error redux-todos-todo@0.0.1 start: `node server.js`
17 error Exit status 1
18 error Failed at the redux-todos-todo@0.0.1 start script 'node server.js'.
18 error This is most likely a problem with the redux-todos-todo package,
18 error not with npm itself.
18 error Tell the author that this fails on your system:
18 error     node server.js
18 error You can get their info via:
18 error     npm owner ls redux-todos-todo
18 error There is likely additional logging output above.
19 verbose exit [ 1, true ]
